生成启动时间为 2022/12/5 16:09:41。
     1>项目“D:\code\VS2017_code\linuxcode\ThreadPool(C++)\ThreadPool(C++)\ThreadPool(C++).vcxproj”在节点 2 上(Rebuild 个目标)。
     1>_PrepareForClean:
         正在删除文件“D:\code\VS2017_code\linuxcode\ThreadPool(C++)\ThreadPool(C++)\obj\x64\Debug\ThreadPoolC++.tlog\ThreadPoolC++.lastbuildstate”。
     1>D:\download_software\Visual Studio 2017\Visual Studio IDE\Common7\IDE\VC\VCTargets\Microsoft.CppBuild.targets(391,5): warning MSB8028: 中间目录(D:\code\VS2017_code\linuxcode\ThreadPool(C++)\ThreadPool(C++)\obj\x64\Debug\)包含从另一个项目(threadPool(C++).vcxproj)共享的文件。   这会导致错误的清除和重新生成行为。
       InitializeBuildStatus:
         正在创建“D:\code\VS2017_code\linuxcode\ThreadPool(C++)\ThreadPool(C++)\obj\x64\Debug\ThreadPoolC++.tlog\unsuccessfulbuild”，因为已指定“AlwaysCreate”。
       _ValidateSources:
         Validating sources
       _CopySources:
         Copying sources remotely to '192.168.79.129'
         Copying file 'D:\code\VS2017_code\linuxcode\ThreadPool(C++)\ThreadPool(C++)\main.cpp' to '/root/projects/ThreadPoolC++/main.cpp'
         Copying file 'D:\code\VS2017_code\linuxcode\ThreadPool(C++)\ThreadPool(C++)\TaskQueue.cpp' to '/root/projects/ThreadPoolC++/TaskQueue.cpp'
         Copying file 'D:\code\VS2017_code\linuxcode\ThreadPool(C++)\ThreadPool(C++)\ThreadPool.cpp' to '/root/projects/ThreadPoolC++/ThreadPool.cpp'
         Copying file 'D:\code\VS2017_code\linuxcode\ThreadPool(C++)\ThreadPool(C++)\TaskQueue.h' to '/root/projects/ThreadPoolC++/TaskQueue.h'
         Copying file 'D:\code\VS2017_code\linuxcode\ThreadPool(C++)\ThreadPool(C++)\ThreadPool.h' to '/root/projects/ThreadPoolC++/ThreadPool.h'
       _ValidateValidArchitecture:
         Validating architecture
         Current project architecture 'x64' is compatible with the remote system architecture 'x64' ('x64').
       ClCompile:
         Starting remote build
         Compiling sources:
         Invoking 'g++'
         g++ -c -x c++ /root/projects/ThreadPoolC++/main.cpp -g2 -gdwarf-2 -o "/root/projects/ThreadPoolC++/obj/x64/Debug/main.o" -Wall -Wswitch -W"no-deprecated-declarations" -W"empty-body" -Wconversion -W"return-type" -Wparentheses -W"no-format" -Wuninitialized -W"unreachable-code" -W"unused-function" -W"unused-value" -W"unused-variable" -O0 -fno-strict-aliasing -fno-omit-frame-pointer -fthreadsafe-statics -fexceptions -frtti -std=c++11
         main.cpp
         Done compiling '/root/projects/ThreadPoolC++/main.cpp'
         Invoking 'g++'
         g++ -c -x c++ /root/projects/ThreadPoolC++/TaskQueue.cpp -g2 -gdwarf-2 -o "/root/projects/ThreadPoolC++/obj/x64/Debug/TaskQueue.o" -Wall -Wswitch -W"no-deprecated-declarations" -W"empty-body" -Wconversion -W"return-type" -Wparentheses -W"no-format" -Wuninitialized -W"unreachable-code" -W"unused-function" -W"unused-value" -W"unused-variable" -O0 -fno-strict-aliasing -fno-omit-frame-pointer -fthreadsafe-statics -fexceptions -frtti -std=c++11
         TaskQueue.cpp
         Done compiling '/root/projects/ThreadPoolC++/TaskQueue.cpp'
         Invoking 'g++'
         g++ -c -x c++ /root/projects/ThreadPoolC++/ThreadPool.cpp -g2 -gdwarf-2 -o "/root/projects/ThreadPoolC++/obj/x64/Debug/ThreadPool.o" -Wall -Wswitch -W"no-deprecated-declarations" -W"empty-body" -Wconversion -W"return-type" -Wparentheses -W"no-format" -Wuninitialized -W"unreachable-code" -W"unused-function" -W"unused-value" -W"unused-variable" -O0 -fno-strict-aliasing -fno-omit-frame-pointer -fthreadsafe-statics -fexceptions -frtti -std=c++11
         ThreadPool.cpp
     1>D:\code\VS2017_code\linuxcode\ThreadPool(C++)\ThreadPool(C++)\ThreadPool.cpp(116,15): warning : comparison of integer expressions of different signedness: ‘int’ and ‘size_t’ {aka ‘long unsigned int’} [-Wsign-compare]
D:\code\VS2017_code\linuxcode\ThreadPool(C++)\ThreadPool(C++)\ThreadPool.cpp(116,15): warning :   116 |   if (liveNum < queueNum && liveNum < pool->m_maxNum)
D:\code\VS2017_code\linuxcode\ThreadPool(C++)\ThreadPool(C++)\ThreadPool.cpp(116,15): warning :       |       ~~~~~~~~^~~~~~~~~~
     1>D:\code\VS2017_code\linuxcode\ThreadPool(C++)\ThreadPool(C++)\ThreadPool.cpp(176,12): warning : deleting ‘void*’ is undefined [-Wdelete-incomplete]
D:\code\VS2017_code\linuxcode\ThreadPool(C++)\ThreadPool(C++)\ThreadPool.cpp(176,12): warning :   176 |   delete q.arg;
D:\code\VS2017_code\linuxcode\ThreadPool(C++)\ThreadPool(C++)\ThreadPool.cpp(176,12): warning :       |            ^~~
         Done compiling '/root/projects/ThreadPoolC++/ThreadPool.cpp'
         /root/projects/ThreadPoolC++/ThreadPool.cpp: In static member function ‘static void* ThreadPool::manager(void*)’:
         /root/projects/ThreadPoolC++/ThreadPool.cpp:116:15: warning: comparison of integer expressions of different signedness: ‘int’ and ‘size_t’ {aka ‘long unsigned int’} [-Wsign-compare]
           116 |   if (liveNum < queueNum && liveNum < pool->m_maxNum)
               |       ~~~~~~~~^~~~~~~~~~
         /root/projects/ThreadPoolC++/ThreadPool.cpp: In static member function ‘static void* ThreadPool::workers(void*)’:
         /root/projects/ThreadPoolC++/ThreadPool.cpp:176:12: warning: deleting ‘void*’ is undefined [-Wdelete-incomplete]
           176 |   delete q.arg;
               |            ^~~
         
       Link:
         Linking objects
         Invoking 'ld'
         g++ -o "/root/projects/ThreadPoolC++/bin/x64/Debug/ThreadPoolC++.out" -Wl,--no-undefined -Wl,-z,relro -Wl,-z,now -Wl,-z,noexecstack /root/projects/ThreadPoolC++/obj/x64/Debug/main.o /root/projects/ThreadPoolC++/obj/x64/Debug/TaskQueue.o /root/projects/ThreadPoolC++/obj/x64/Debug/ThreadPool.o -lpthread
         Done linking, output file name: '/root/projects/ThreadPoolC++/bin/x64/Debug/ThreadPoolC++.out'
         Copying file '/root/projects/ThreadPoolC++/bin/x64/Debug/ThreadPoolC++.out' to 'D:\code\VS2017_code\linuxcode\ThreadPool(C++)\ThreadPool(C++)\bin\x64\Debug\ThreadPoolC++.out'
         ThreadPool(C++).vcxproj -> D:\code\VS2017_code\linuxcode\ThreadPool(C++)\ThreadPool(C++)\bin\x64\Debug\ThreadPoolC++.out
       FinalizeBuildStatus:
         正在删除文件“D:\code\VS2017_code\linuxcode\ThreadPool(C++)\ThreadPool(C++)\obj\x64\Debug\ThreadPoolC++.tlog\unsuccessfulbuild”。
         正在对“D:\code\VS2017_code\linuxcode\ThreadPool(C++)\ThreadPool(C++)\obj\x64\Debug\ThreadPoolC++.tlog\ThreadPoolC++.lastbuildstate”执行 Touch 任务。
     1>已完成生成项目“D:\code\VS2017_code\linuxcode\ThreadPool(C++)\ThreadPool(C++)\ThreadPool(C++).vcxproj”(Rebuild 个目标)的操作。

已成功生成。

       “D:\code\VS2017_code\linuxcode\ThreadPool(C++)\ThreadPool(C++)\ThreadPool(C++).vcxproj”(Rebuild 目标) (1) ->
       (PrepareForBuild 目标) -> 
         D:\download_software\Visual Studio 2017\Visual Studio IDE\Common7\IDE\VC\VCTargets\Microsoft.CppBuild.targets(391,5): warning MSB8028: 中间目录(D:\code\VS2017_code\linuxcode\ThreadPool(C++)\ThreadPool(C++)\obj\x64\Debug\)包含从另一个项目(threadPool(C++).vcxproj)共享的文件。   这会导致错误的清除和重新生成行为。


       “D:\code\VS2017_code\linuxcode\ThreadPool(C++)\ThreadPool(C++)\ThreadPool(C++).vcxproj”(Rebuild 目标) (1) ->
       (ClCompile 目标) -> 
         D:\code\VS2017_code\linuxcode\ThreadPool(C++)\ThreadPool(C++)\ThreadPool.cpp(116,15): warning : comparison of integer expressions of different signedness: ‘int’ and ‘size_t’ {aka ‘long unsigned int’} [-Wsign-compare]
       D:\code\VS2017_code\linuxcode\ThreadPool(C++)\ThreadPool(C++)\ThreadPool.cpp(116,15): warning :   116 |   if (liveNum < queueNum && liveNum < pool->m_maxNum)
       D:\code\VS2017_code\linuxcode\ThreadPool(C++)\ThreadPool(C++)\ThreadPool.cpp(116,15): warning :       |       ~~~~~~~~^~~~~~~~~~
         D:\code\VS2017_code\linuxcode\ThreadPool(C++)\ThreadPool(C++)\ThreadPool.cpp(176,12): warning : deleting ‘void*’ is undefined [-Wdelete-incomplete]
       D:\code\VS2017_code\linuxcode\ThreadPool(C++)\ThreadPool(C++)\ThreadPool.cpp(176,12): warning :   176 |   delete q.arg;
       D:\code\VS2017_code\linuxcode\ThreadPool(C++)\ThreadPool(C++)\ThreadPool.cpp(176,12): warning :       |            ^~~

    3 个警告
    0 个错误

已用时间 00:00:04.16
